(THU.CST) os is loading ...

Special kernel symbols:
  entry  0xc0100036 (phys)
  etext  0xc010631f (phys)
  edata  0xc011b000 (phys)
  end    0xc011bf88 (phys)
Kernel executable memory footprint: 112KB
ebp: 0xc0117f38 eip: 0xc0100aa9 arg:0x00010094 0x00010094 0xc0117f68 0xc01000cd 
    kern/debug/kdebug.c:309: print_stackframe+21
ebp: 0xc0117f48 eip: 0xc0100d93 arg:0x00000000 0x00000000 0x00000000 0xc0117fb8 
    kern/debug/kmonitor.c:129: mon_backtrace+10
ebp: 0xc0117f68 eip: 0xc01000cd arg:0x00000000 0xc0117f90 0xffff0000 0xc0117f94 
    kern/init/init.c:49: grade_backtrace2+33
ebp: 0xc0117f88 eip: 0xc01000f7 arg:0x00000000 0xffff0000 0xc0117fb4 0x0000002a 
    kern/init/init.c:54: grade_backtrace1+38
ebp: 0xc0117fa8 eip: 0xc0100116 arg:0x00000000 0xc0100036 0xffff0000 0x0000001d 
    kern/init/init.c:59: grade_backtrace0+23
ebp: 0xc0117fc8 eip: 0xc010013c arg:0xc010633c 0xc0106320 0x00000f88 0x00000000 
    kern/init/init.c:64: grade_backtrace+34
ebp: 0xc0117ff8 eip: 0xc010008b arg:0xc010651c 0xc0106524 0xc0100d1b 0xc0106543 
    kern/init/init.c:29: kern_init+84
memory management: default_pmm_manager
e820map:
  memory: 0009fc00, [00000000, 0009fbff], type = 1.
  memory: 00000400, [0009fc00, 0009ffff], type = 2.
  memory: 00010000, [000f0000, 000fffff], type = 2.
  memory: 07ee0000, [00100000, 07fdffff], type = 1.
  memory: 00020000, [07fe0000, 07ffffff], type = 2.
  memory: 00040000, [fffc0000, ffffffff], type = 2.
check_alloc_page() succeeded!
check_pgdir() succeeded!
check_boot_pgdir() succeeded!
-------------------- BEGIN --------------------
PDE(0e0) c0000000-f8000000 38000000 urw
  |-- PTE(38000) c0000000-f8000000 38000000 -rw
PDE(001) fac00000-fb000000 00400000 -rw
  |-- PTE(000e0) faf00000-fafe0000 000e0000 urw
  |-- PTE(00001) fafeb000-fafec000 00001000 -rw
--------------------- END ---------------------
++ setup timer interrupts
0: @ring 0
0:  cs = 8
0:  ds = 10
0:  es = 10
0:  ss = 10
+++ switch to  user  mode +++
100 ticks
End of Test.
kernel panic at kern/trap/trap.c:18:
    EOT: kernel seems ok.
stack trackback:
ebp: 0xc0117ef8 eip: 0xc0100aa9 arg:0xc01063e8 0xc0117f3c 0x00000012 0x00000000 
    kern/debug/kdebug.c:309: print_stackframe+21
ebp: 0xc0117f28 eip: 0xc0100461 arg:0xc01066ae 0x00000012 0xc0106698 0x0000000c 
    kern/debug/panic.c:27: __panic+103
ebp: 0xc0117f48 eip: 0xc01018e6 arg:0xc0117fa8 0xc0102bbf 0xc011bf20 0x0000807c 
    kern/trap/trap.c:0: print_ticks+65
ebp: 0xc0117f88 eip: 0xc0101d95 arg:0xc0117fb4 0xc0100205 0x00000008 0x00000286 
    kern/trap/trap.c:162: trap_dispatch+140
ebp: 0xc0117fa8 eip: 0xc0102134 arg:0xc0117fb4 0x0000807c 0x00010094 0xc0117fa8 
    kern/trap/trap.c:238: trap+16
ebp: 0xc0117fa8 eip: 0xc0102bbf arg:0xc0117fb4 0x0000807c 0x00010094 0xc0117fa8 
    kern/trap/trapentry.S:24: <unknown>+0
ebp: 0xc0117fa8 eip: 0xc0102bbf arg:0xc0117fb4 0x0000807c 0x00010094 0xc0117fa8 
    kern/trap/trapentry.S:24: <unknown>+0
ebp: 0xc0117fa8 eip: 0xc0102bbf arg:0xc0117fb4 0x0000807c 0x00010094 0xc0117fa8 
    kern/trap/trapentry.S:24: <unknown>+0
ebp: 0xc0117fa8 eip: 0xc0102bbf arg:0xc0117fb4 0x0000807c 0x00010094 0xc0117fa8 
    kern/trap/trapentry.S:24: <unknown>+0
ebp: 0xc0117fa8 eip: 0xc0102bbf arg:0xc0117fb4 0x0000807c 0x00010094 0xc0117fa8 
    kern/trap/trapentry.S:24: <unknown>+0
ebp: 0xc0117fa8 eip: 0xc0102bbf arg:0xc0117fb4 0x0000807c 0x00010094 0xc0117fa8 
    kern/trap/trapentry.S:24: <unknown>+0
ebp: 0xc0117fa8 eip: 0xc0102bbf arg:0xc0117fb4 0x0000807c 0x00010094 0xc0117fa8 
    kern/trap/trapentry.S:24: <unknown>+0
ebp: 0xc0117fa8 eip: 0xc0102bbf arg:0xc0117fb4 0x0000807c 0x00010094 0xc0117fa8 
    kern/trap/trapentry.S:24: <unknown>+0
ebp: 0xc0117fa8 eip: 0xc0102bbf arg:0xc0117fb4 0x0000807c 0x00010094 0xc0117fa8 
    kern/trap/trapentry.S:24: <unknown>+0
ebp: 0xc0117fa8 eip: 0xc0102bbf arg:0xc0117fb4 0x0000807c 0x00010094 0xc0117fa8 
    kern/trap/trapentry.S:24: <unknown>+0
ebp: 0xc0117fa8 eip: 0xc0102bbf arg:0xc0117fb4 0x0000807c 0x00010094 0xc0117fa8 
    kern/trap/trapentry.S:24: <unknown>+0
ebp: 0xc0117fa8 eip: 0xc0102bbf arg:0xc0117fb4 0x0000807c 0x00010094 0xc0117fa8 
    kern/trap/trapentry.S:24: <unknown>+0
ebp: 0xc0117fa8 eip: 0xc0102bbf arg:0xc0117fb4 0x0000807c 0x00010094 0xc0117fa8 
    kern/trap/trapentry.S:24: <unknown>+0
ebp: 0xc0117fa8 eip: 0xc0102bbf arg:0xc0117fb4 0x0000807c 0x00010094 0xc0117fa8 
    kern/trap/trapentry.S:24: <unknown>+0
ebp: 0xc0117fa8 eip: 0xc0102bbf arg:0xc0117fb4 0x0000807c 0x00010094 0xc0117fa8 
    kern/trap/trapentry.S:24: <unknown>+0
Welcome to the kernel debug monitor!!
Type 'help' for a list of commands.
K> 