(THU.CST) os is loading ...

Special kernel symbols:
  entry  0xc0100036 (phys)
  etext  0xc0108fb0 (phys)
  edata  0xc0124000 (phys)
  end    0xc0125164 (phys)
Kernel executable memory footprint: 149KB
ebp: 0xc0120f38 eip: 0xc0100ab3 arg:0x00010094 0x00010094 0xc0120f68 0xc01000d7 
    kern/debug/kdebug.c:309: print_stackframe+21
ebp: 0xc0120f48 eip: 0xc0100d9d arg:0x00000000 0x00000000 0x00000000 0xc0120fb8 
    kern/debug/kmonitor.c:129: mon_backtrace+10
ebp: 0xc0120f68 eip: 0xc01000d7 arg:0x00000000 0xc0120f90 0xffff0000 0xc0120f94 
    kern/init/init.c:57: grade_backtrace2+33
ebp: 0xc0120f88 eip: 0xc0100101 arg:0x00000000 0xffff0000 0xc0120fb4 0x0000002a 
    kern/init/init.c:62: grade_backtrace1+38
ebp: 0xc0120fa8 eip: 0xc0100120 arg:0x00000000 0xc0100036 0xffff0000 0x0000001d 
    kern/init/init.c:67: grade_backtrace0+23
ebp: 0xc0120fc8 eip: 0xc0100146 arg:0xc0108fdc 0xc0108fc0 0x00001164 0x00000000 
    kern/init/init.c:72: grade_backtrace+34
ebp: 0xc0120ff8 eip: 0xc010008b arg:0xc01091bc 0xc01091c4 0xc0100d25 0xc01091e3 
    kern/init/init.c:32: kern_init+84
memory management: default_pmm_manager
e820map:
  memory: 0009fc00, [00000000, 0009fbff], type = 1.
  memory: 00000400, [0009fc00, 0009ffff], type = 2.
  memory: 00010000, [000f0000, 000fffff], type = 2.
  memory: 07ee0000, [00100000, 07fdffff], type = 1.
  memory: 00020000, [07fe0000, 07ffffff], type = 2.
  memory: 00040000, [fffc0000, ffffffff], type = 2.
check_alloc_page() succeeded!
check_pgdir() succeeded!
check_boot_pgdir() succeeded!
-------------------- BEGIN --------------------
PDE(0e0) c0000000-f8000000 38000000 urw
  |-- PTE(38000) c0000000-f8000000 38000000 -rw
PDE(001) fac00000-fb000000 00400000 -rw
  |-- PTE(000e0) faf00000-fafe0000 000e0000 urw
  |-- PTE(00001) fafeb000-fafec000 00001000 -rw
--------------------- END ---------------------
check_vma_struct() succeeded!
page fault at 0x00000100: K/W [no page found].
check_pgfault() succeeded!
check_vmm() succeeded.
ide 0:      10000(sectors), 'QEMU HARDDISK'.
ide 1:     262144(sectors), 'QEMU HARDDISK'.
SWAP: manager = fifo swap manager
BEGIN check_swap: count 1, total 31963
setup Page Table for vaddr 0X1000, so alloc a page
setup Page Table vaddr 0~4MB OVER!
set up init env for check_swap begin!
page fault at 0x00001000: K/W [no page found].
page fault at 0x00002000: K/W [no page found].
page fault at 0x00003000: K/W [no page found].
page fault at 0x00004000: K/W [no page found].
set up init env for check_swap over!
write Virt Page c in fifo_check_swap
write Virt Page a in fifo_check_swap
write Virt Page d in fifo_check_swap
write Virt Page b in fifo_check_swap
write Virt Page e in fifo_check_swap
page fault at 0x00005000: K/W [no page found].
swap_out: i 0, store page in vaddr 0x1000 to disk swap entry 2
write Virt Page b in fifo_check_swap
write Virt Page a in fifo_check_swap
page fault at 0x00001000: K/W [no page found].
swap_out: i 0, store page in vaddr 0x2000 to disk swap entry 3
swap_in: load disk swap entry 2 with swap_page in vadr 0x1000
write Virt Page b in fifo_check_swap
page fault at 0x00002000: K/W [no page found].
swap_out: i 0, store page in vaddr 0x3000 to disk swap entry 4
swap_in: load disk swap entry 3 with swap_page in vadr 0x2000
write Virt Page c in fifo_check_swap
page fault at 0x00003000: K/W [no page found].
swap_out: i 0, store page in vaddr 0x4000 to disk swap entry 5
swap_in: load disk swap entry 4 with swap_page in vadr 0x3000
write Virt Page d in fifo_check_swap
page fault at 0x00004000: K/W [no page found].
swap_out: i 0, store page in vaddr 0x5000 to disk swap entry 6
swap_in: load disk swap entry 5 with swap_page in vadr 0x4000
write Virt Page e in fifo_check_swap
page fault at 0x00005000: K/W [no page found].
swap_out: i 0, store page in vaddr 0x1000 to disk swap entry 2
swap_in: load disk swap entry 6 with swap_page in vadr 0x5000
write Virt Page a in fifo_check_swap
page fault at 0x00001000: K/R [no page found].
swap_out: i 0, store page in vaddr 0x2000 to disk swap entry 3
swap_in: load disk swap entry 2 with swap_page in vadr 0x1000
count is 0, total is 7
check_swap() succeeded!
++ setup timer interrupts
100 ticks
End of Test.
kernel panic at kern/trap/trap.c:20:
    EOT: kernel seems ok.
stack trackback:
ebp: 0xc0120ed0 eip: 0xc0100ab3 arg:0xc0109088 0xc0120f14 0x00000014 0x00000018 
    kern/debug/kdebug.c:309: print_stackframe+21
ebp: 0xc0120f00 eip: 0xc010046b arg:0xc010944e 0x00000014 0xc0109438 0x00000000 
    kern/debug/panic.c:27: __panic+103
ebp: 0xc0120f20 eip: 0xc0102134 arg:0x00000007 0x00000000 0x00010094 0x00010094 
    kern/trap/trap.c:0: print_ticks+65
ebp: 0xc0120f60 eip: 0xc010271f arg:0xc0120f8c 0xc01002ca 0xc01093c6 0xc0120fa4 
    kern/trap/trap.c:201: trap_dispatch+236
ebp: 0xc0120f80 eip: 0xc0102abe arg:0xc0120f8c 0x0000807c 0x00010094 0xc0120ff8 
    kern/trap/trap.c:278: trap+16
ebp: 0xc0120ff8 eip: 0xc0103549 arg:0xc01091bc 0xc01091c4 0xc0100d25 0xc01091e3 
    kern/trap/trapentry.S:24: <unknown>+0
Welcome to the kernel debug monitor!!
Type 'help' for a list of commands.
K> 